[debug] [2026-03-29T10:15:21.279Z] ----------------------------------------------------------------------
[debug] [2026-03-29T10:15:21.281Z] Command:       C:\Program Files\nodejs\node.exe C:\Users\User\AppData\Roaming\npm\node_modules\firebase-tools\lib\bin\firebase.js deploy --only hosting
[debug] [2026-03-29T10:15:21.281Z] CLI Version:   15.12.0
[debug] [2026-03-29T10:15:21.281Z] Platform:      win32
[debug] [2026-03-29T10:15:21.281Z] Node Version:  v22.20.0
[debug] [2026-03-29T10:15:21.282Z] Time:          Sun Mar 29 2026 17:15:21 GMT+0700 (เวลาอินโดจีน)
[debug] [2026-03-29T10:15:21.282Z] ----------------------------------------------------------------------
[debug] 
[debug] [2026-03-29T10:15:22.506Z] > command requires scopes: ["email","openid","https://www.googleapis.com/auth/cloudplatformprojects.readonly","https://www.googleapis.com/auth/firebase","https://www.googleapis.com/auth/cloud-platform"]
[debug] [2026-03-29T10:15:22.506Z] > authorizing via signed-in user (yaisungnoenteerathap@gmail.com)
[debug] [2026-03-29T10:15:22.506Z] [iam] checking project trim-descent-452802-t2 for permissions ["firebase.projects.get","firebasehosting.sites.update"]
[debug] [2026-03-29T10:15:22.507Z] Checked if tokens are valid: true, expires at: 1774782885441
[debug] [2026-03-29T10:15:22.507Z] Checked if tokens are valid: true, expires at: 1774782885441
[debug] [2026-03-29T10:15:22.508Z] >>> [apiv2][query] POST https://cloudresourcemanager.googleapis.com/v1/projects/trim-descent-452802-t2:testIamPermissions [none]
[debug] [2026-03-29T10:15:22.508Z] >>> [apiv2][(partial)header] POST https://cloudresourcemanager.googleapis.com/v1/projects/trim-descent-452802-t2:testIamPermissions  x-goog-user-project=trim-descent-452802-t2
[debug] [2026-03-29T10:15:22.508Z] >>> [apiv2][body] POST https://cloudresourcemanager.googleapis.com/v1/projects/trim-descent-452802-t2:testIamPermissions {"permissions":["firebase.projects.get","firebasehosting.sites.update"]}
[debug] [2026-03-29T10:15:23.694Z] <<< [apiv2][status] POST https://cloudresourcemanager.googleapis.com/v1/projects/trim-descent-452802-t2:testIamPermissions 200
[debug] [2026-03-29T10:15:23.694Z] <<< [apiv2][body] POST https://cloudresourcemanager.googleapis.com/v1/projects/trim-descent-452802-t2:testIamPermissions {"permissions":["firebase.projects.get","firebasehosting.sites.update"]}
[debug] [2026-03-29T10:15:23.695Z] Checked if tokens are valid: true, expires at: 1774782885441
[debug] [2026-03-29T10:15:23.695Z] Checked if tokens are valid: true, expires at: 1774782885441
[debug] [2026-03-29T10:15:23.695Z] >>> [apiv2][query] GET https://firebase.googleapis.com/v1beta1/projects/trim-descent-452802-t2 [none]
[debug] [2026-03-29T10:15:24.326Z] <<< [apiv2][status] GET https://firebase.googleapis.com/v1beta1/projects/trim-descent-452802-t2 404
[debug] [2026-03-29T10:15:24.327Z] <<< [apiv2][body] GET https://firebase.googleapis.com/v1beta1/projects/trim-descent-452802-t2 {"error":{"code":404,"message":"Requested entity was not found.","status":"NOT_FOUND"}}
[debug] [2026-03-29T10:15:24.327Z] Couldn't get project info from firedata for trim-descent-452802-t2, trying resource manager. Original error: FirebaseError: Request to https://firebase.googleapis.com/v1beta1/projects/trim-descent-452802-t2 had HTTP Error: 404, Requested entity was not found.
[debug] [2026-03-29T10:15:24.328Z] Checked if tokens are valid: true, expires at: 1774782885441
[debug] [2026-03-29T10:15:24.328Z] Checked if tokens are valid: true, expires at: 1774782885441
[debug] [2026-03-29T10:15:24.328Z] >>> [apiv2][query] GET https://serviceusage.googleapis.com/v1/projects/trim-descent-452802-t2/services/cloudresourcemanager.googleapis.com [none]
[debug] [2026-03-29T10:15:24.328Z] >>> [apiv2][(partial)header] GET https://serviceusage.googleapis.com/v1/projects/trim-descent-452802-t2/services/cloudresourcemanager.googleapis.com  x-goog-user-project=trim-descent-452802-t2
[debug] [2026-03-29T10:15:25.831Z] <<< [apiv2][status] GET https://serviceusage.googleapis.com/v1/projects/trim-descent-452802-t2/services/cloudresourcemanager.googleapis.com 200
[debug] [2026-03-29T10:15:25.831Z] <<< [apiv2][body] GET https://serviceusage.googleapis.com/v1/projects/trim-descent-452802-t2/services/cloudresourcemanager.googleapis.com [omitted]
[debug] [2026-03-29T10:15:25.837Z] Checked if tokens are valid: true, expires at: 1774782885441
[debug] [2026-03-29T10:15:25.838Z] Checked if tokens are valid: true, expires at: 1774782885441
[debug] [2026-03-29T10:15:25.838Z] >>> [apiv2][query] GET https://cloudresourcemanager.googleapis.com/v1/projects/trim-descent-452802-t2 [none]
[debug] [2026-03-29T10:15:26.114Z] <<< [apiv2][status] GET https://cloudresourcemanager.googleapis.com/v1/projects/trim-descent-452802-t2 200
[debug] [2026-03-29T10:15:26.114Z] <<< [apiv2][body] GET https://cloudresourcemanager.googleapis.com/v1/projects/trim-descent-452802-t2 {"projectNumber":"715107904640","projectId":"trim-descent-452802-t2","lifecycleState":"ACTIVE","name":"RIFFAI-Main","labels":{"earth-engine":""},"createTime":"2025-03-05T03:00:00.733365Z","parent":{"type":"organization","id":"383917024548"}}
[debug] [2026-03-29T10:15:26.114Z] the default site does not exist on the Firebase project; asking Hosting.
[debug] [2026-03-29T10:15:26.114Z] Checked if tokens are valid: true, expires at: 1774782885441
[debug] [2026-03-29T10:15:26.114Z] Checked if tokens are valid: true, expires at: 1774782885441
[debug] [2026-03-29T10:15:26.115Z] >>> [apiv2][query] GET https://firebasehosting.googleapis.com/v1beta1/projects/trim-descent-452802-t2/sites pageToken=&pageSize=10
[debug] [2026-03-29T10:15:27.000Z] <<< [apiv2][status] GET https://firebasehosting.googleapis.com/v1beta1/projects/trim-descent-452802-t2/sites 404
[debug] [2026-03-29T10:15:27.000Z] <<< [apiv2][body] GET https://firebasehosting.googleapis.com/v1beta1/projects/trim-descent-452802-t2/sites {"error":{"code":404,"message":"Requested entity was not found.","status":"NOT_FOUND"}}
[error] 
[error] Error: Assertion failed: resolving hosting target of a site with no site name or target name. This should have caused an error earlier
[debug] [2026-03-29T10:22:36.964Z] ----------------------------------------------------------------------
[debug] [2026-03-29T10:22:36.966Z] Command:       C:\Program Files\nodejs\node.exe C:\Users\User\AppData\Roaming\npm\node_modules\firebase-tools\lib\bin\firebase.js init hosting --project=trim-descent-452802-t2
[debug] [2026-03-29T10:22:36.966Z] CLI Version:   15.12.0
[debug] [2026-03-29T10:22:36.966Z] Platform:      win32
[debug] [2026-03-29T10:22:36.966Z] Node Version:  v22.20.0
[debug] [2026-03-29T10:22:36.967Z] Time:          Sun Mar 29 2026 17:22:36 GMT+0700 (เวลาอินโดจีน)
[debug] [2026-03-29T10:22:36.967Z] ----------------------------------------------------------------------
[debug] 
[info] 
     ######## #### ########  ######## ########     ###     ######  ########
     ##        ##  ##     ## ##       ##     ##  ##   ##  ##       ##
     ######    ##  ########  ######   ########  #########  ######  ######
     ##        ##  ##    ##  ##       ##     ## ##     ##       ## ##
     ##       #### ##     ## ######## ########  ##     ##  ######  ########

You're about to initialize a Firebase project in this directory:

  C:\Users\User\Downloads\solar-panel-detection-main\solar-panel-detection-main\frontend

Before we get started, keep in mind:

  * You are initializing within an existing Firebase project directory

[info] 
=== Project Setup
[info] 
[info] First, let's associate this project directory with a Firebase project.
[info] You can create multiple project aliases by running firebase use --add, 
[info] 
[debug] [2026-03-29T10:22:48.672Z] > command requires scopes: ["email","openid","https://www.googleapis.com/auth/cloudplatformprojects.readonly","https://www.googleapis.com/auth/firebase","https://www.googleapis.com/auth/cloud-platform"]
[debug] [2026-03-29T10:22:48.672Z] > authorizing via signed-in user (yaisungnoenteerathap@gmail.com)
[debug] [2026-03-29T10:22:48.673Z] Checked if tokens are valid: true, expires at: 1774782885441
[debug] [2026-03-29T10:22:48.673Z] Checked if tokens are valid: true, expires at: 1774782885441
[debug] [2026-03-29T10:22:48.675Z] >>> [apiv2][query] GET https://firebase.googleapis.com/v1beta1/projects/trim-descent-452802-t2 [none]
[debug] [2026-03-29T10:22:49.415Z] <<< [apiv2][status] GET https://firebase.googleapis.com/v1beta1/projects/trim-descent-452802-t2 404
[debug] [2026-03-29T10:22:49.415Z] <<< [apiv2][body] GET https://firebase.googleapis.com/v1beta1/projects/trim-descent-452802-t2 {"error":{"code":404,"message":"Requested entity was not found.","status":"NOT_FOUND"}}
[debug] [2026-03-29T10:22:49.416Z] Couldn't get project info from firedata for trim-descent-452802-t2, trying resource manager. Original error: FirebaseError: Request to https://firebase.googleapis.com/v1beta1/projects/trim-descent-452802-t2 had HTTP Error: 404, Requested entity was not found.
[debug] [2026-03-29T10:22:49.416Z] Checked if tokens are valid: true, expires at: 1774782885441
[debug] [2026-03-29T10:22:49.417Z] Checked if tokens are valid: true, expires at: 1774782885441
[debug] [2026-03-29T10:22:49.417Z] >>> [apiv2][query] GET https://cloudresourcemanager.googleapis.com/v1/projects/trim-descent-452802-t2 [none]
[debug] [2026-03-29T10:22:50.697Z] <<< [apiv2][status] GET https://cloudresourcemanager.googleapis.com/v1/projects/trim-descent-452802-t2 200
[debug] [2026-03-29T10:22:50.698Z] <<< [apiv2][body] GET https://cloudresourcemanager.googleapis.com/v1/projects/trim-descent-452802-t2 {"projectNumber":"715107904640","projectId":"trim-descent-452802-t2","lifecycleState":"ACTIVE","name":"RIFFAI-Main","labels":{"earth-engine":""},"createTime":"2025-03-05T03:00:00.733365Z","parent":{"type":"organization","id":"383917024548"}}
[info] i  Using project trim-descent-452802-t2 . 
[info] 
=== Hosting Setup
[debug] [2026-03-29T10:23:06.306Z] Checked if tokens are valid: true, expires at: 1774782885441
[debug] [2026-03-29T10:23:06.307Z] Checked if tokens are valid: true, expires at: 1774782885441
[debug] [2026-03-29T10:23:06.307Z] >>> [apiv2][query] GET https://firebase.googleapis.com/v1beta1/projects/trim-descent-452802-t2 [none]
[debug] [2026-03-29T10:23:07.111Z] <<< [apiv2][status] GET https://firebase.googleapis.com/v1beta1/projects/trim-descent-452802-t2 404
[debug] [2026-03-29T10:23:07.111Z] <<< [apiv2][body] GET https://firebase.googleapis.com/v1beta1/projects/trim-descent-452802-t2 {"error":{"code":404,"message":"Requested entity was not found.","status":"NOT_FOUND"}}
[debug] [2026-03-29T10:23:07.111Z] Couldn't get project info from firedata for trim-descent-452802-t2, trying resource manager. Original error: FirebaseError: Request to https://firebase.googleapis.com/v1beta1/projects/trim-descent-452802-t2 had HTTP Error: 404, Requested entity was not found.
[debug] [2026-03-29T10:23:07.112Z] Checked if tokens are valid: true, expires at: 1774782885441
[debug] [2026-03-29T10:23:07.112Z] Checked if tokens are valid: true, expires at: 1774782885441
[debug] [2026-03-29T10:23:07.112Z] >>> [apiv2][query] GET https://cloudresourcemanager.googleapis.com/v1/projects/trim-descent-452802-t2 [none]
[debug] [2026-03-29T10:23:08.321Z] <<< [apiv2][status] GET https://cloudresourcemanager.googleapis.com/v1/projects/trim-descent-452802-t2 200
[debug] [2026-03-29T10:23:08.321Z] <<< [apiv2][body] GET https://cloudresourcemanager.googleapis.com/v1/projects/trim-descent-452802-t2 {"projectNumber":"715107904640","projectId":"trim-descent-452802-t2","lifecycleState":"ACTIVE","name":"RIFFAI-Main","labels":{"earth-engine":""},"createTime":"2025-03-05T03:00:00.733365Z","parent":{"type":"organization","id":"383917024548"}}
[debug] [2026-03-29T10:23:08.321Z] the default site does not exist on the Firebase project; asking Hosting.
[debug] [2026-03-29T10:23:08.322Z] Checked if tokens are valid: true, expires at: 1774782885441
[debug] [2026-03-29T10:23:08.322Z] Checked if tokens are valid: true, expires at: 1774782885441
[debug] [2026-03-29T10:23:08.322Z] >>> [apiv2][query] GET https://firebasehosting.googleapis.com/v1beta1/projects/trim-descent-452802-t2/sites pageToken=&pageSize=10
[debug] [2026-03-29T10:23:09.363Z] <<< [apiv2][status] GET https://firebasehosting.googleapis.com/v1beta1/projects/trim-descent-452802-t2/sites 200
[debug] [2026-03-29T10:23:09.363Z] <<< [apiv2][body] GET https://firebasehosting.googleapis.com/v1beta1/projects/trim-descent-452802-t2/sites {}
[debug] [2026-03-29T10:23:33.462Z] Checked if tokens are valid: true, expires at: 1774782885441
[debug] [2026-03-29T10:23:33.462Z] Checked if tokens are valid: true, expires at: 1774782885441
[debug] [2026-03-29T10:23:33.462Z] >>> [apiv2][query] GET https://cloudresourcemanager.googleapis.com/v1/projects/trim-descent-452802-t2 [none]
[debug] [2026-03-29T10:23:34.725Z] <<< [apiv2][status] GET https://cloudresourcemanager.googleapis.com/v1/projects/trim-descent-452802-t2 200
[debug] [2026-03-29T10:23:34.725Z] <<< [apiv2][body] GET https://cloudresourcemanager.googleapis.com/v1/projects/trim-descent-452802-t2 {"projectNumber":"715107904640","projectId":"trim-descent-452802-t2","lifecycleState":"ACTIVE","name":"RIFFAI-Main","labels":{"earth-engine":""},"createTime":"2025-03-05T03:00:00.733365Z","parent":{"type":"organization","id":"383917024548"}}
[debug] [2026-03-29T10:23:34.725Z] Checked if tokens are valid: true, expires at: 1774782885441
[debug] [2026-03-29T10:23:34.725Z] Checked if tokens are valid: true, expires at: 1774782885441
[debug] [2026-03-29T10:23:34.725Z] >>> [apiv2][query] POST https://firebasehosting.googleapis.com/v1beta1/projects/715107904640/sites siteId=trim-descent-452802-t2&validateOnly=true
[debug] [2026-03-29T10:23:34.725Z] >>> [apiv2][body] POST https://firebasehosting.googleapis.com/v1beta1/projects/715107904640/sites {"appId":""}
[debug] [2026-03-29T10:23:36.288Z] <<< [apiv2][status] POST https://firebasehosting.googleapis.com/v1beta1/projects/715107904640/sites 200
[debug] [2026-03-29T10:23:36.288Z] <<< [apiv2][body] POST https://firebasehosting.googleapis.com/v1beta1/projects/715107904640/sites {"name":"projects/715107904640/sites/trim-descent-452802-t2","defaultUrl":"https://trim-descent-452802-t2.web.app","type":"DEFAULT_SITE"}
[debug] [2026-03-29T10:24:26.896Z] Checked if tokens are valid: true, expires at: 1774782885441
[debug] [2026-03-29T10:24:26.896Z] Checked if tokens are valid: true, expires at: 1774782885441
[debug] [2026-03-29T10:24:26.896Z] >>> [apiv2][query] POST https://firebasehosting.googleapis.com/v1beta1/projects/715107904640/sites siteId=trim-descent-452802-t2&validateOnly=true
[debug] [2026-03-29T10:24:26.896Z] >>> [apiv2][body] POST https://firebasehosting.googleapis.com/v1beta1/projects/715107904640/sites {"appId":""}
[debug] [2026-03-29T10:24:28.311Z] <<< [apiv2][status] POST https://firebasehosting.googleapis.com/v1beta1/projects/715107904640/sites 200
[debug] [2026-03-29T10:24:28.312Z] <<< [apiv2][body] POST https://firebasehosting.googleapis.com/v1beta1/projects/715107904640/sites {"name":"projects/715107904640/sites/trim-descent-452802-t2","defaultUrl":"https://trim-descent-452802-t2.web.app","type":"DEFAULT_SITE"}
[info] 
[info] Your public directory is the folder (relative to your project directory) that
[info] will contain Hosting assets to be uploaded with firebase deploy. If you
[info] have a build process for your assets, use your build's output directory.
[info] 
[info] 
[info] i  Didn't detect a .git folder. Assuming C:\Users\User\Downloads\solar-panel-detection-main\solar-panel-detection-main\frontend is the project root. 
[info] i  Authorizing with GitHub to upload your service account to a GitHub repository's secrets store. 
[info] 
[info] Visit this URL on this device to log in:
[info] https://github.com/login/oauth/authorize?client_id=89cf50f02ac6aaed3484&state=172590205&redirect_uri=http%3A%2F%2Flocalhost%3A9005&scope=read%3Auser%20repo%20public_repo
[info] 
[info] Waiting for authentication...
[debug] [2026-03-29T10:25:25.448Z] >>> [apiv2][query] POST https://github.com/login/oauth/access_token [none]
[debug] [2026-03-29T10:25:25.448Z] >>> [apiv2][body] POST https://github.com/login/oauth/access_token [stream]
[debug] [2026-03-29T10:25:25.921Z] <<< [apiv2][status] POST https://github.com/login/oauth/access_token 200
[debug] [2026-03-29T10:25:25.921Z] <<< [apiv2][body] POST https://github.com/login/oauth/access_token {"access_token":"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","token_type":"bearer","scope":"read:user,repo"}
[debug] [2026-03-29T10:25:25.931Z] >>> [apiv2][query] GET https://api.github.com/user [none]
[debug] [2026-03-29T10:25:26.470Z] <<< [apiv2][status] GET https://api.github.com/user 200
[debug] [2026-03-29T10:25:26.470Z] <<< [apiv2][body] GET https://api.github.com/user {"login":"Teera235","id":106339662,"node_id":"U_kgDOBladTg","avatar_url":"https://avatars.githubusercontent.com/u/106339662?v=4","gravatar_id":"","url":"https://api.github.com/users/Teera235","html_url":"https://github.com/Teera235","followers_url":"https://api.github.com/users/Teera235/followers","following_url":"https://api.github.com/users/Teera235/following{/other_user}","gists_url":"https://api.github.com/users/Teera235/gists{/gist_id}","starred_url":"https://api.github.com/users/Teera235/starred{/owner}{/repo}","subscriptions_url":"https://api.github.com/users/Teera235/subscriptions","organizations_url":"https://api.github.com/users/Teera235/orgs","repos_url":"https://api.github.com/users/Teera235/repos","events_url":"https://api.github.com/users/Teera235/events{/privacy}","received_events_url":"https://api.github.com/users/Teera235/received_events","type":"User","user_view_type":"private","site_admin":false,"name":"DocTeeraThxp","company":"KMUTT (King Mongkut's University of Technology Thonburi)","blog":"","location":"NakhonRatchasima, Thailand","email":null,"hireable":null,"bio":"Student - Kmutt65 (King Mongkut's University of Technology Thonburi)","twitter_username":null,"notification_email":null,"public_repos":29,"public_gists":0,"followers":1,"following":3,"created_at":"2022-05-26T16:59:15Z","updated_at":"2026-03-22T20:26:53Z","private_gists":4,"total_private_repos":6,"owned_private_repos":6,"disk_usage":1428149,"collaborators":0,"two_factor_authentication":true,"plan":{"name":"free","space":976562499,"collaborators":0,"private_repos":10000}}
[info] 
[info] +  Success! Logged into GitHub as Teera235 
[info] 
[debug] [2026-03-29T10:25:37.810Z] >>> [apiv2][query] GET https://api.github.com/repos//actions/secrets/public-key type=owner
[debug] [2026-03-29T10:25:38.639Z] <<< [apiv2][status] GET https://api.github.com/repos//actions/secrets/public-key 404
[debug] [2026-03-29T10:25:38.639Z] <<< [apiv2][body] GET https://api.github.com/repos//actions/secrets/public-key {"message":"Not Found","documentation_url":"https://docs.github.com/rest","status":"404"}
[info] 
[info] 
[error] !  The provided authorization cannot be used with this repository. If this repository is in an organization, did you remember to grant access? 
[info] 
[info] i  Action required: Visit this URL to ensure access has been granted to the appropriate organization(s) for the Firebase CLI GitHub OAuth App: 
[info] https://github.com/settings/connections/applications/89cf50f02ac6aaed3484
[info] 
[debug] [2026-03-29T10:25:40.746Z] >>> [apiv2][query] GET https://api.github.com/repos//actions/secrets/public-key type=owner
[debug] [2026-03-29T10:25:41.070Z] <<< [apiv2][status] GET https://api.github.com/repos//actions/secrets/public-key 404
[debug] [2026-03-29T10:25:41.070Z] <<< [apiv2][body] GET https://api.github.com/repos//actions/secrets/public-key {"message":"Not Found","documentation_url":"https://docs.github.com/rest","status":"404"}
[info] 
[info] 
[error] !  The provided authorization cannot be used with this repository. If this repository is in an organization, did you remember to grant access? 
[info] 
[info] i  Action required: Visit this URL to ensure access has been granted to the appropriate organization(s) for the Firebase CLI GitHub OAuth App: 
[info] https://github.com/settings/connections/applications/89cf50f02ac6aaed3484
[info] 
[debug] [2026-03-29T10:27:27.000Z] >>> [apiv2][query] GET https://api.github.com/repos/https://github.com/RIFFAI-org/solar-panel-detection/actions/secrets/public-key type=owner
[debug] [2026-03-29T10:27:27.366Z] <<< [apiv2][status] GET https://api.github.com/repos/https://github.com/RIFFAI-org/solar-panel-detection/actions/secrets/public-key 404
[debug] [2026-03-29T10:27:27.366Z] <<< [apiv2][body] GET https://api.github.com/repos/https://github.com/RIFFAI-org/solar-panel-detection/actions/secrets/public-key {"message":"Not Found","documentation_url":"https://docs.github.com/rest","status":"404"}
[info] 
[info] 
[error] !  The provided authorization cannot be used with this repository. If this repository is in an organization, did you remember to grant access? 
[info] 
[info] i  Action required: Visit this URL to ensure access has been granted to the appropriate organization(s) for the Firebase CLI GitHub OAuth App: 
[info] https://github.com/settings/connections/applications/89cf50f02ac6aaed3484
[info] 
[debug] [2026-03-29T10:27:31.124Z] >>> [apiv2][query] GET https://api.github.com/repos/https://github.com/RIFFAI-org/solar-panel-detection/actions/secrets/public-key type=owner
[debug] [2026-03-29T10:27:31.475Z] <<< [apiv2][status] GET https://api.github.com/repos/https://github.com/RIFFAI-org/solar-panel-detection/actions/secrets/public-key 404
[debug] [2026-03-29T10:27:31.475Z] <<< [apiv2][body] GET https://api.github.com/repos/https://github.com/RIFFAI-org/solar-panel-detection/actions/secrets/public-key {"message":"Not Found","documentation_url":"https://docs.github.com/rest","status":"404"}
[info] 
[info] 
[error] !  The provided authorization cannot be used with this repository. If this repository is in an organization, did you remember to grant access? 
[info] 
[info] i  Action required: Visit this URL to ensure access has been granted to the appropriate organization(s) for the Firebase CLI GitHub OAuth App: 
[info] https://github.com/settings/connections/applications/89cf50f02ac6aaed3484
[info] 
[debug] [2026-03-29T10:27:31.627Z] >>> [apiv2][query] GET https://api.github.com/repos/https://github.com/RIFFAI-org/solar-panel-detection/actions/secrets/public-key type=owner
[debug] [2026-03-29T10:27:32.414Z] <<< [apiv2][status] GET https://api.github.com/repos/https://github.com/RIFFAI-org/solar-panel-detection/actions/secrets/public-key 404
[debug] [2026-03-29T10:27:32.414Z] <<< [apiv2][body] GET https://api.github.com/repos/https://github.com/RIFFAI-org/solar-panel-detection/actions/secrets/public-key {"message":"Not Found","documentation_url":"https://docs.github.com/rest","status":"404"}
[info] 
[info] 
[error] !  The provided authorization cannot be used with this repository. If this repository is in an organization, did you remember to grant access? 
[info] 
[info] i  Action required: Visit this URL to ensure access has been granted to the appropriate organization(s) for the Firebase CLI GitHub OAuth App: 
[info] https://github.com/settings/connections/applications/89cf50f02ac6aaed3484
[info] 
[debug] [2026-03-29T10:28:52.450Z] ExitPromptError: User force closed the prompt with SIGINT
    at Interface.sigint (C:\Users\User\AppData\Roaming\npm\node_modules\firebase-tools\node_modules\@inquirer\core\dist\commonjs\lib\create-prompt.js:101:37)
    at Interface.emit (node:events:519:28)
    at [_ttyWrite] [as _ttyWrite] (node:internal/readline/interface:1128:18)
    at ReadStream.onkeypress (node:internal/readline/interface:271:20)
    at ReadStream.emit (node:events:531:35)
    at emitKeys (node:internal/readline/utils:370:14)
    at emitKeys.next (<anonymous>)
    at ReadStream.onData (node:internal/readline/emitKeypressEvents:64:36)
    at ReadStream.emit (node:events:519:28)
    at addChunk (node:internal/streams/readable:561:12)
[error] 
[error] Error: An unexpected error has occurred.
[debug] [2026-03-29T10:28:55.310Z] ----------------------------------------------------------------------
[debug] [2026-03-29T10:28:55.312Z] Command:       C:\Program Files\nodejs\node.exe C:\Users\User\AppData\Roaming\npm\node_modules\firebase-tools\lib\bin\firebase.js init hosting --project=trim-descent-452802-t2
[debug] [2026-03-29T10:28:55.313Z] CLI Version:   15.12.0
[debug] [2026-03-29T10:28:55.313Z] Platform:      win32
[debug] [2026-03-29T10:28:55.313Z] Node Version:  v22.20.0
[debug] [2026-03-29T10:28:55.313Z] Time:          Sun Mar 29 2026 17:28:55 GMT+0700 (เวลาอินโดจีน)
[debug] [2026-03-29T10:28:55.313Z] ----------------------------------------------------------------------
[debug] 
[info] 
     ######## #### ########  ######## ########     ###     ######  ########
     ##        ##  ##     ## ##       ##     ##  ##   ##  ##       ##
     ######    ##  ########  ######   ########  #########  ######  ######
     ##        ##  ##    ##  ##       ##     ## ##     ##       ## ##
     ##       #### ##     ## ######## ########  ##     ##  ######  ########

You're about to initialize a Firebase project in this directory:

  C:\Users\User\Downloads\solar-panel-detection-main\solar-panel-detection-main\frontend

Before we get started, keep in mind:

  * You are initializing within an existing Firebase project directory

[info] 
=== Project Setup
[info] 
[info] First, let's associate this project directory with a Firebase project.
[info] You can create multiple project aliases by running firebase use --add, 
[info] 
[debug] [2026-03-29T10:29:02.974Z] > command requires scopes: ["email","openid","https://www.googleapis.com/auth/cloudplatformprojects.readonly","https://www.googleapis.com/auth/firebase","https://www.googleapis.com/auth/cloud-platform"]
[debug] [2026-03-29T10:29:02.974Z] > authorizing via signed-in user (yaisungnoenteerathap@gmail.com)
[debug] [2026-03-29T10:29:02.975Z] Checked if tokens are valid: true, expires at: 1774782885441
[debug] [2026-03-29T10:29:02.975Z] Checked if tokens are valid: true, expires at: 1774782885441
[debug] [2026-03-29T10:29:02.975Z] >>> [apiv2][query] GET https://firebase.googleapis.com/v1beta1/projects/trim-descent-452802-t2 [none]
[debug] [2026-03-29T10:29:03.620Z] <<< [apiv2][status] GET https://firebase.googleapis.com/v1beta1/projects/trim-descent-452802-t2 404
[debug] [2026-03-29T10:29:03.620Z] <<< [apiv2][body] GET https://firebase.googleapis.com/v1beta1/projects/trim-descent-452802-t2 {"error":{"code":404,"message":"Requested entity was not found.","status":"NOT_FOUND"}}
[debug] [2026-03-29T10:29:03.620Z] Couldn't get project info from firedata for trim-descent-452802-t2, trying resource manager. Original error: FirebaseError: Request to https://firebase.googleapis.com/v1beta1/projects/trim-descent-452802-t2 had HTTP Error: 404, Requested entity was not found.
[debug] [2026-03-29T10:29:03.621Z] Checked if tokens are valid: true, expires at: 1774782885441
[debug] [2026-03-29T10:29:03.621Z] Checked if tokens are valid: true, expires at: 1774782885441
[debug] [2026-03-29T10:29:03.621Z] >>> [apiv2][query] GET https://cloudresourcemanager.googleapis.com/v1/projects/trim-descent-452802-t2 [none]
[debug] [2026-03-29T10:29:04.829Z] <<< [apiv2][status] GET https://cloudresourcemanager.googleapis.com/v1/projects/trim-descent-452802-t2 200
[debug] [2026-03-29T10:29:04.829Z] <<< [apiv2][body] GET https://cloudresourcemanager.googleapis.com/v1/projects/trim-descent-452802-t2 {"projectNumber":"715107904640","projectId":"trim-descent-452802-t2","lifecycleState":"ACTIVE","name":"RIFFAI-Main","labels":{"earth-engine":""},"createTime":"2025-03-05T03:00:00.733365Z","parent":{"type":"organization","id":"383917024548"}}
[info] i  Using project trim-descent-452802-t2 . 
[info] 
=== Hosting Setup
[debug] [2026-03-29T10:29:19.085Z] Checked if tokens are valid: true, expires at: 1774782885441
[debug] [2026-03-29T10:29:19.085Z] Checked if tokens are valid: true, expires at: 1774782885441
[debug] [2026-03-29T10:29:19.086Z] >>> [apiv2][query] GET https://firebase.googleapis.com/v1beta1/projects/trim-descent-452802-t2 [none]
[debug] [2026-03-29T10:29:20.084Z] <<< [apiv2][status] GET https://firebase.googleapis.com/v1beta1/projects/trim-descent-452802-t2 404
[debug] [2026-03-29T10:29:20.084Z] <<< [apiv2][body] GET https://firebase.googleapis.com/v1beta1/projects/trim-descent-452802-t2 {"error":{"code":404,"message":"Requested entity was not found.","status":"NOT_FOUND"}}
[debug] [2026-03-29T10:29:20.084Z] Couldn't get project info from firedata for trim-descent-452802-t2, trying resource manager. Original error: FirebaseError: Request to https://firebase.googleapis.com/v1beta1/projects/trim-descent-452802-t2 had HTTP Error: 404, Requested entity was not found.
[debug] [2026-03-29T10:29:20.085Z] Checked if tokens are valid: true, expires at: 1774782885441
[debug] [2026-03-29T10:29:20.085Z] Checked if tokens are valid: true, expires at: 1774782885441
[debug] [2026-03-29T10:29:20.085Z] >>> [apiv2][query] GET https://cloudresourcemanager.googleapis.com/v1/projects/trim-descent-452802-t2 [none]
[debug] [2026-03-29T10:29:21.316Z] <<< [apiv2][status] GET https://cloudresourcemanager.googleapis.com/v1/projects/trim-descent-452802-t2 200
[debug] [2026-03-29T10:29:21.316Z] <<< [apiv2][body] GET https://cloudresourcemanager.googleapis.com/v1/projects/trim-descent-452802-t2 {"projectNumber":"715107904640","projectId":"trim-descent-452802-t2","lifecycleState":"ACTIVE","name":"RIFFAI-Main","labels":{"earth-engine":""},"createTime":"2025-03-05T03:00:00.733365Z","parent":{"type":"organization","id":"383917024548"}}
[debug] [2026-03-29T10:29:21.316Z] the default site does not exist on the Firebase project; asking Hosting.
[debug] [2026-03-29T10:29:21.317Z] Checked if tokens are valid: true, expires at: 1774782885441
[debug] [2026-03-29T10:29:21.317Z] Checked if tokens are valid: true, expires at: 1774782885441
[debug] [2026-03-29T10:29:21.317Z] >>> [apiv2][query] GET https://firebasehosting.googleapis.com/v1beta1/projects/trim-descent-452802-t2/sites pageToken=&pageSize=10
[debug] [2026-03-29T10:29:22.354Z] <<< [apiv2][status] GET https://firebasehosting.googleapis.com/v1beta1/projects/trim-descent-452802-t2/sites 200
[debug] [2026-03-29T10:29:22.354Z] <<< [apiv2][body] GET https://firebasehosting.googleapis.com/v1beta1/projects/trim-descent-452802-t2/sites {}
[debug] [2026-03-29T10:29:22.357Z] Checked if tokens are valid: true, expires at: 1774782885441
[debug] [2026-03-29T10:29:22.357Z] Checked if tokens are valid: true, expires at: 1774782885441
[debug] [2026-03-29T10:29:22.358Z] >>> [apiv2][query] GET https://cloudresourcemanager.googleapis.com/v1/projects/trim-descent-452802-t2 [none]
[debug] [2026-03-29T10:29:22.651Z] <<< [apiv2][status] GET https://cloudresourcemanager.googleapis.com/v1/projects/trim-descent-452802-t2 200
[debug] [2026-03-29T10:29:22.651Z] <<< [apiv2][body] GET https://cloudresourcemanager.googleapis.com/v1/projects/trim-descent-452802-t2 {"projectNumber":"715107904640","projectId":"trim-descent-452802-t2","lifecycleState":"ACTIVE","name":"RIFFAI-Main","labels":{"earth-engine":""},"createTime":"2025-03-05T03:00:00.733365Z","parent":{"type":"organization","id":"383917024548"}}
[debug] [2026-03-29T10:29:22.651Z] Checked if tokens are valid: true, expires at: 1774782885441
[debug] [2026-03-29T10:29:22.651Z] Checked if tokens are valid: true, expires at: 1774782885441
[debug] [2026-03-29T10:29:22.651Z] >>> [apiv2][query] POST https://firebasehosting.googleapis.com/v1beta1/projects/715107904640/sites siteId=trim-descent-452802-t2&validateOnly=true
[debug] [2026-03-29T10:29:22.651Z] >>> [apiv2][body] POST https://firebasehosting.googleapis.com/v1beta1/projects/715107904640/sites {"appId":""}
[debug] [2026-03-29T10:29:23.604Z] <<< [apiv2][status] POST https://firebasehosting.googleapis.com/v1beta1/projects/715107904640/sites 200
[debug] [2026-03-29T10:29:23.604Z] <<< [apiv2][body] POST https://firebasehosting.googleapis.com/v1beta1/projects/715107904640/sites {"name":"projects/715107904640/sites/trim-descent-452802-t2","defaultUrl":"https://trim-descent-452802-t2.web.app","type":"DEFAULT_SITE"}
[debug] [2026-03-29T10:29:53.271Z] Checked if tokens are valid: true, expires at: 1774782885441
[debug] [2026-03-29T10:29:53.271Z] Checked if tokens are valid: true, expires at: 1774782885441
[debug] [2026-03-29T10:29:53.271Z] >>> [apiv2][query] POST https://firebasehosting.googleapis.com/v1beta1/projects/715107904640/sites siteId=trim-descent-452802-t2&validateOnly=true
[debug] [2026-03-29T10:29:53.271Z] >>> [apiv2][body] POST https://firebasehosting.googleapis.com/v1beta1/projects/715107904640/sites {"appId":""}
[debug] [2026-03-29T10:29:54.663Z] <<< [apiv2][status] POST https://firebasehosting.googleapis.com/v1beta1/projects/715107904640/sites 200
[debug] [2026-03-29T10:29:54.663Z] <<< [apiv2][body] POST https://firebasehosting.googleapis.com/v1beta1/projects/715107904640/sites {"name":"projects/715107904640/sites/trim-descent-452802-t2","defaultUrl":"https://trim-descent-452802-t2.web.app","type":"DEFAULT_SITE"}
[info] 
[info] Your public directory is the folder (relative to your project directory) that
[info] will contain Hosting assets to be uploaded with firebase deploy. If you
[info] have a build process for your assets, use your build's output directory.
[info] 
[info] 
[info] i  Didn't detect a .git folder. Assuming C:\Users\User\Downloads\solar-panel-detection-main\solar-panel-detection-main\frontend is the project root. 
[info] i  Authorizing with GitHub to upload your service account to a GitHub repository's secrets store. 
[info] 
[info] Visit this URL on this device to log in:
[info] https://github.com/login/oauth/authorize?client_id=89cf50f02ac6aaed3484&state=298711408&redirect_uri=http%3A%2F%2Flocalhost%3A9005&scope=read%3Auser%20repo%20public_repo
[info] 
[info] Waiting for authentication...
[debug] [2026-03-29T10:30:01.594Z] >>> [apiv2][query] POST https://github.com/login/oauth/access_token [none]
[debug] [2026-03-29T10:30:01.595Z] >>> [apiv2][body] POST https://github.com/login/oauth/access_token [stream]
[debug] [2026-03-29T10:30:02.028Z] <<< [apiv2][status] POST https://github.com/login/oauth/access_token 200
[debug] [2026-03-29T10:30:02.028Z] <<< [apiv2][body] POST https://github.com/login/oauth/access_token {"access_token":"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","token_type":"bearer","scope":"read:user,repo"}
[debug] [2026-03-29T10:30:02.036Z] >>> [apiv2][query] GET https://api.github.com/user [none]
[debug] [2026-03-29T10:30:02.526Z] <<< [apiv2][status] GET https://api.github.com/user 200
[debug] [2026-03-29T10:30:02.527Z] <<< [apiv2][body] GET https://api.github.com/user {"login":"Teera235","id":106339662,"node_id":"U_kgDOBladTg","avatar_url":"https://avatars.githubusercontent.com/u/106339662?v=4","gravatar_id":"","url":"https://api.github.com/users/Teera235","html_url":"https://github.com/Teera235","followers_url":"https://api.github.com/users/Teera235/followers","following_url":"https://api.github.com/users/Teera235/following{/other_user}","gists_url":"https://api.github.com/users/Teera235/gists{/gist_id}","starred_url":"https://api.github.com/users/Teera235/starred{/owner}{/repo}","subscriptions_url":"https://api.github.com/users/Teera235/subscriptions","organizations_url":"https://api.github.com/users/Teera235/orgs","repos_url":"https://api.github.com/users/Teera235/repos","events_url":"https://api.github.com/users/Teera235/events{/privacy}","received_events_url":"https://api.github.com/users/Teera235/received_events","type":"User","user_view_type":"private","site_admin":false,"name":"DocTeeraThxp","company":"KMUTT (King Mongkut's University of Technology Thonburi)","blog":"","location":"NakhonRatchasima, Thailand","email":null,"hireable":null,"bio":"Student - Kmutt65 (King Mongkut's University of Technology Thonburi)","twitter_username":null,"notification_email":null,"public_repos":29,"public_gists":0,"followers":1,"following":3,"created_at":"2022-05-26T16:59:15Z","updated_at":"2026-03-22T20:26:53Z","private_gists":4,"total_private_repos":6,"owned_private_repos":6,"disk_usage":1428149,"collaborators":0,"two_factor_authentication":true,"plan":{"name":"free","space":976562499,"collaborators":0,"private_repos":10000}}
[info] 
[info] +  Success! Logged into GitHub as Teera235 
[info] 
[debug] [2026-03-29T10:30:19.546Z] >>> [apiv2][query] GET https://api.github.com/repos//actions/secrets/public-key type=owner
[debug] [2026-03-29T10:30:20.377Z] <<< [apiv2][status] GET https://api.github.com/repos//actions/secrets/public-key 404
[debug] [2026-03-29T10:30:20.377Z] <<< [apiv2][body] GET https://api.github.com/repos//actions/secrets/public-key {"message":"Not Found","documentation_url":"https://docs.github.com/rest","status":"404"}
[info] 
[info] 
[error] !  The provided authorization cannot be used with this repository. If this repository is in an organization, did you remember to grant access? 
[info] 
[info] i  Action required: Visit this URL to ensure access has been granted to the appropriate organization(s) for the Firebase CLI GitHub OAuth App: 
[info] https://github.com/settings/connections/applications/89cf50f02ac6aaed3484
[info] 
[debug] [2026-03-29T10:30:24.591Z] >>> [apiv2][query] GET https://api.github.com/repos//actions/secrets/public-key type=owner
[debug] [2026-03-29T10:30:24.966Z] <<< [apiv2][status] GET https://api.github.com/repos//actions/secrets/public-key 404
[debug] [2026-03-29T10:30:24.966Z] <<< [apiv2][body] GET https://api.github.com/repos//actions/secrets/public-key {"message":"Not Found","documentation_url":"https://docs.github.com/rest","status":"404"}
[info] 
[info] 
[error] !  The provided authorization cannot be used with this repository. If this repository is in an organization, did you remember to grant access? 
[info] 
[info] i  Action required: Visit this URL to ensure access has been granted to the appropriate organization(s) for the Firebase CLI GitHub OAuth App: 
[info] https://github.com/settings/connections/applications/89cf50f02ac6aaed3484
[info] 
[debug] [2026-03-29T10:30:25.800Z] >>> [apiv2][query] GET https://api.github.com/repos//actions/secrets/public-key type=owner
[debug] [2026-03-29T10:30:26.270Z] <<< [apiv2][status] GET https://api.github.com/repos//actions/secrets/public-key 404
[debug] [2026-03-29T10:30:26.270Z] <<< [apiv2][body] GET https://api.github.com/repos//actions/secrets/public-key {"message":"Not Found","documentation_url":"https://docs.github.com/rest","status":"404"}
[info] 
[info] 
[error] !  The provided authorization cannot be used with this repository. If this repository is in an organization, did you remember to grant access? 
[info] 
[info] i  Action required: Visit this URL to ensure access has been granted to the appropriate organization(s) for the Firebase CLI GitHub OAuth App: 
[info] https://github.com/settings/connections/applications/89cf50f02ac6aaed3484
[info] 
[debug] [2026-03-29T10:30:26.723Z] >>> [apiv2][query] GET https://api.github.com/repos//actions/secrets/public-key type=owner
[debug] [2026-03-29T10:30:27.057Z] <<< [apiv2][status] GET https://api.github.com/repos//actions/secrets/public-key 404
[debug] [2026-03-29T10:30:27.057Z] <<< [apiv2][body] GET https://api.github.com/repos//actions/secrets/public-key {"message":"Not Found","documentation_url":"https://docs.github.com/rest","status":"404"}
[info] 
[info] 
[error] !  The provided authorization cannot be used with this repository. If this repository is in an organization, did you remember to grant access? 
[info] 
[info] i  Action required: Visit this URL to ensure access has been granted to the appropriate organization(s) for the Firebase CLI GitHub OAuth App: 
[info] https://github.com/settings/connections/applications/89cf50f02ac6aaed3484
[info] 
[debug] [2026-03-29T10:30:48.583Z] >>> [apiv2][query] GET https://api.github.com/repos/https://github.com/settings/connections/applications/89cf50f02ac6aaed3484/actions/secrets/public-key type=owner
[debug] [2026-03-29T10:30:48.946Z] <<< [apiv2][status] GET https://api.github.com/repos/https://github.com/settings/connections/applications/89cf50f02ac6aaed3484/actions/secrets/public-key 404
[debug] [2026-03-29T10:30:48.947Z] <<< [apiv2][body] GET https://api.github.com/repos/https://github.com/settings/connections/applications/89cf50f02ac6aaed3484/actions/secrets/public-key {"message":"Not Found","documentation_url":"https://docs.github.com/rest","status":"404"}
[info] 
[info] 
[error] !  The provided authorization cannot be used with this repository. If this repository is in an organization, did you remember to grant access? 
[info] 
[info] i  Action required: Visit this URL to ensure access has been granted to the appropriate organization(s) for the Firebase CLI GitHub OAuth App: 
[info] https://github.com/settings/connections/applications/89cf50f02ac6aaed3484
[info] 
